<?xml version="1.0" encoding="UTF-8"?>
<coverage generated="1567485163804" clover="3.2.0">
  <project timestamp="1567485163804" name="All files">
    <metrics statements="47" coveredstatements="47" conditionals="20" coveredconditionals="19" methods="30" coveredmethods="30" elements="97" coveredelements="96" complexity="0" loc="47" ncloc="47" packages="3" files="6" classes="6"/>
    <package name="src">
      <metrics statements="16" coveredstatements="16" conditionals="2" coveredconditionals="2" methods="13" coveredmethods="13"/>
      <file name="App.js" path="/home/otavio/Documents/reactnd-project-myreads-starter/src/App.js">
        <metrics statements="16" coveredstatements="16" conditionals="2" coveredconditionals="2" methods="13" coveredmethods="13"/>
        <line num="13" count="3" type="stmt"/>
        <line num="18" count="3" type="stmt"/>
        <line num="19" count="5" type="stmt"/>
        <line num="20" count="5" type="stmt"/>
        <line num="21" count="5" type="stmt"/>
        <line num="22" count="19" type="stmt"/>
        <line num="23" count="5" type="stmt"/>
        <line num="24" count="5" type="stmt"/>
        <line num="29" count="3" type="stmt"/>
        <line num="30" count="5" type="cond" truecount="2" falsecount="0"/>
        <line num="32" count="5" type="stmt"/>
        <line num="39" count="3" type="stmt"/>
        <line num="40" count="12" type="stmt"/>
        <line num="45" count="16" type="stmt"/>
        <line num="49" count="2" type="stmt"/>
        <line num="56" count="14" type="stmt"/>
      </file>
    </package>
    <package name="src.components">
      <metrics statements="19" coveredstatements="19" conditionals="12" coveredconditionals="11" methods="12" coveredmethods="12"/>
      <file name="LibraryPage.js" path="/home/otavio/Documents/reactnd-project-myreads-starter/src/components/LibraryPage.js">
        <metrics statements="5" coveredstatements="5" conditionals="0" coveredconditionals="0" methods="4" coveredmethods="4"/>
        <line num="10" count="3" type="stmt"/>
        <line num="11" count="78" type="stmt"/>
        <line num="12" count="24" type="stmt"/>
        <line num="21" count="15" type="stmt"/>
        <line num="53" count="2" type="stmt"/>
      </file>
      <file name="SearchPage.js" path="/home/otavio/Documents/reactnd-project-myreads-starter/src/components/SearchPage.js">
        <metrics statements="14" coveredstatements="14" conditionals="12" coveredconditionals="11" methods="8" coveredmethods="8"/>
        <line num="9" count="7" type="stmt"/>
        <line num="15" count="7" type="stmt"/>
        <line num="16" count="5" type="stmt"/>
        <line num="17" count="5" type="stmt"/>
        <line num="18" count="5" type="cond" truecount="2" falsecount="0"/>
        <line num="19" count="4" type="stmt"/>
        <line num="20" count="4" type="stmt"/>
        <line num="21" count="4" type="cond" truecount="2" falsecount="0"/>
        <line num="22" count="2" type="stmt"/>
        <line num="27" count="1" type="stmt"/>
        <line num="28" count="1" type="stmt"/>
        <line num="39" count="2" type="stmt"/>
        <line num="48" count="19" type="stmt"/>
        <line num="82" count="2" type="stmt"/>
      </file>
    </package>
    <package name="src.components.book">
      <metrics statements="12" coveredstatements="12" conditionals="6" coveredconditionals="6" methods="5" coveredmethods="5"/>
      <file name="Book.js" path="/home/otavio/Documents/reactnd-project-myreads-starter/src/components/book/Book.js">
        <metrics statements="4" coveredstatements="4" conditionals="6" coveredconditionals="6" methods="2" coveredmethods="2"/>
        <line num="5" count="5" type="stmt"/>
        <line num="6" count="26" type="stmt"/>
        <line num="25" count="2" type="stmt"/>
        <line num="31" count="5" type="stmt"/>
      </file>
      <file name="BookMenu.js" path="/home/otavio/Documents/reactnd-project-myreads-starter/src/components/book/BookMenu.js">
        <metrics statements="5" coveredstatements="5" conditionals="0" coveredconditionals="0" methods="2" coveredmethods="2"/>
        <line num="4" count="6" type="stmt"/>
        <line num="5" count="26" type="stmt"/>
        <line num="7" count="1" type="stmt"/>
        <line num="8" count="1" type="stmt"/>
        <line num="19" count="6" type="stmt"/>
      </file>
      <file name="BookShelf.js" path="/home/otavio/Documents/reactnd-project-myreads-starter/src/components/book/BookShelf.js">
        <metrics statements="3" coveredstatements="3" conditionals="0" coveredconditionals="0" methods="1" coveredmethods="1"/>
        <line num="4" count="3" type="stmt"/>
        <line num="5" count="43" type="stmt"/>
        <line num="15" count="3" type="stmt"/>
      </file>
    </package>
  </project>
</coverage>
