<?xml version="1.0" encoding="UTF-8"?>
<coverage generated="1547660748253" clover="3.2.0">
  <project timestamp="1547660748253" name="All files">
    <metrics statements="65" coveredstatements="64" conditionals="30" coveredconditionals="28" methods="31" coveredmethods="31" elements="126" coveredelements="123" complexity="0" loc="65" ncloc="65" packages="3" files="7" classes="7">
      <package name="src">
        <metrics statements="27" coveredstatements="27" conditionals="8" coveredconditionals="8" methods="13" coveredmethods="13"/>
        <file name="App.js" path="/home/otavio/Documents/Projects/reactnd-project-myreads-starter/src/App.js">
          <metrics statements="26" coveredstatements="26" conditionals="8" coveredconditionals="8" methods="13" coveredmethods="13"/>
          <line num="18" count="5" type="stmt"/>
          <line num="19" count="5" type="stmt"/>
          <line num="20" count="5" type="stmt"/>
          <line num="21" count="19" type="stmt"/>
          <line num="22" count="5" type="cond" truecount="2" falsecount="0"/>
          <line num="23" count="1" type="stmt"/>
          <line num="24" count="1" type="stmt"/>
          <line num="26" count="4" type="stmt"/>
          <line num="28" count="5" type="stmt"/>
          <line num="29" count="5" type="stmt"/>
          <line num="35" count="5" type="cond" truecount="2" falsecount="0"/>
          <line num="36" count="1" type="stmt"/>
          <line num="39" count="4" type="cond" truecount="4" falsecount="0"/>
          <line num="41" count="1" type="stmt"/>
          <line num="42" count="1" type="stmt"/>
          <line num="44" count="1" type="stmt"/>
          <line num="45" count="1" type="stmt"/>
          <line num="47" count="1" type="stmt"/>
          <line num="48" count="1" type="stmt"/>
          <line num="50" count="1" type="stmt"/>
          <line num="52" count="4" type="stmt"/>
          <line num="57" count="3" type="stmt"/>
          <line num="58" count="12" type="stmt"/>
          <line num="63" count="16" type="stmt"/>
          <line num="67" count="2" type="stmt"/>
          <line num="74" count="14" type="stmt"/>
        </file>
        <file name="setupTests.js" path="/home/otavio/Documents/Projects/reactnd-project-myreads-starter/src/setupTests.js">
          <metrics statements="1" coveredstatements="1" conditionals="0" coveredconditionals="0" methods="0" coveredmethods="0"/>
          <line num="4" count="6" type="stmt"/>
        </file>
      </package>
      <package name="src.components">
        <metrics statements="24" coveredstatements="23" conditionals="16" coveredconditionals="14" methods="11" coveredmethods="11"/>
        <file name="LibraryPage.js" path="/home/otavio/Documents/Projects/reactnd-project-myreads-starter/src/components/LibraryPage.js">
          <metrics statements="3" coveredstatements="3" conditionals="0" coveredconditionals="0" methods="1" coveredmethods="1"/>
          <line num="7" count="2" type="stmt"/>
          <line num="8" count="15" type="stmt"/>
          <line num="43" count="2" type="stmt"/>
        </file>
        <file name="SearchPage.js" path="/home/otavio/Documents/Projects/reactnd-project-myreads-starter/src/components/SearchPage.js">
          <metrics statements="21" coveredstatements="20" conditionals="16" coveredconditionals="14" methods="10" coveredmethods="10"/>
          <line num="16" count="5" type="stmt"/>
          <line num="22" count="5" type="stmt"/>
          <line num="23" count="5" type="cond" truecount="2" falsecount="0"/>
          <line num="24" count="4" type="stmt"/>
          <line num="25" count="4" type="cond" truecount="2" falsecount="0"/>
          <line num="26" count="2" type="stmt"/>
          <line num="27" count="2" type="cond" truecount="2" falsecount="0"/>
          <line num="28" count="1" type="stmt"/>
          <line num="30" count="1" type="stmt"/>
          <line num="34" count="2" type="stmt"/>
          <line num="35" count="2" type="cond" truecount="2" falsecount="0"/>
          <line num="36" count="1" type="stmt"/>
          <line num="38" count="1" type="stmt"/>
          <line num="44" count="1" type="stmt"/>
          <line num="45" count="1" type="cond" truecount="1" falsecount="1"/>
          <line num="46" count="1" type="stmt"/>
          <line num="48" count="0" type="stmt"/>
          <line num="56" count="20" type="stmt"/>
          <line num="82" count="1" type="stmt"/>
          <line num="83" count="1" type="stmt"/>
          <line num="99" count="2" type="stmt"/>
        </file>
      </package>
      <package name="src.components.book">
        <metrics statements="14" coveredstatements="14" conditionals="6" coveredconditionals="6" methods="7" coveredmethods="7"/>
        <file name="Book.js" path="/home/otavio/Documents/Projects/reactnd-project-myreads-starter/src/components/book/Book.js">
          <metrics statements="4" coveredstatements="4" conditionals="6" coveredconditionals="6" methods="2" coveredmethods="2"/>
          <line num="5" count="5" type="stmt"/>
          <line num="6" count="26" type="stmt"/>
          <line num="25" count="2" type="stmt"/>
          <line num="31" count="5" type="stmt"/>
        </file>
        <file name="BookMenu.js" path="/home/otavio/Documents/Projects/reactnd-project-myreads-starter/src/components/book/BookMenu.js">
          <metrics statements="5" coveredstatements="5" conditionals="0" coveredconditionals="0" methods="2" coveredmethods="2"/>
          <line num="4" count="6" type="stmt"/>
          <line num="5" count="26" type="stmt"/>
          <line num="7" count="1" type="stmt"/>
          <line num="8" count="1" type="stmt"/>
          <line num="19" count="6" type="stmt"/>
        </file>
        <file name="BookShelf.js" path="/home/otavio/Documents/Projects/reactnd-project-myreads-starter/src/components/book/BookShelf.js">
          <metrics statements="5" coveredstatements="5" conditionals="0" coveredconditionals="0" methods="3" coveredmethods="3"/>
          <line num="5" count="3" type="stmt"/>
          <line num="6" count="43" type="stmt"/>
          <line num="10" count="79" type="stmt"/>
          <line num="11" count="25" type="stmt"/>
          <line num="22" count="3" type="stmt"/>
        </file>
      </package>
    </metrics>
  </project>
</coverage>
