{"/home/otavio/Documents/Projects/reactnd-project-myreads-starter/src/App.js": {"path":"/home/otavio/Documents/Projects/reactnd-project-myreads-starter/src/App.js","statementMap":{"0":{"start":{"line":18,"column":4},"end":{"line":31,"column":7}},"1":{"start":{"line":18,"column":33},"end":{"line":18,"column":61}},"2":{"start":{"line":19,"column":6},"end":{"line":30,"column":9}},"3":{"start":{"line":20,"column":20},"end":{"line":20,"column":43}},"4":{"start":{"line":21,"column":22},"end":{"line":21,"column":60}},"5":{"start":{"line":21,"column":43},"end":{"line":21,"column":59}},"6":{"start":{"line":22,"column":8},"end":{"line":27,"column":9}},"7":{"start":{"line":23,"column":10},"end":{"line":23,"column":29}},"8":{"start":{"line":24,"column":10},"end":{"line":24,"column":35}},"9":{"start":{"line":26,"column":10},"end":{"line":26,"column":37}},"10":{"start":{"line":28,"column":8},"end":{"line":28,"column":89}},"11":{"start":{"line":28,"column":37},"end":{"line":28,"column":86}},"12":{"start":{"line":29,"column":8},"end":{"line":29,"column":49}},"13":{"start":{"line":35,"column":4},"end":{"line":53,"column":5}},"14":{"start":{"line":36,"column":6},"end":{"line":36,"column":86}},"15":{"start":{"line":39,"column":6},"end":{"line":51,"column":7}},"16":{"start":{"line":41,"column":10},"end":{"line":41,"column":35}},"17":{"start":{"line":42,"column":10},"end":{"line":42,"column":16}},"18":{"start":{"line":44,"column":10},"end":{"line":44,"column":30}},"19":{"start":{"line":45,"column":10},"end":{"line":45,"column":16}},"20":{"start":{"line":47,"column":10},"end":{"line":47,"column":22}},"21":{"start":{"line":48,"column":10},"end":{"line":48,"column":16}},"22":{"start":{"line":50,"column":10},"end":{"line":50,"column":16}},"23":{"start":{"line":52,"column":6},"end":{"line":52,"column":80}},"24":{"start":{"line":57,"column":4},"end":{"line":59,"column":7}},"25":{"start":{"line":58,"column":6},"end":{"line":58,"column":81}},"26":{"start":{"line":58,"column":56},"end":{"line":58,"column":77}},"27":{"start":{"line":63,"column":4},"end":{"line":82,"column":6}},"28":{"start":{"line":67,"column":12},"end":{"line":71,"column":14}},"29":{"start":{"line":74,"column":12},"end":{"line":78,"column":14}}},"fnMap":{"0":{"name":"(anonymous_0)","decl":{"start":{"line":17,"column":22},"end":{"line":17,"column":23}},"loc":{"start":{"line":17,"column":39},"end":{"line":32,"column":3}},"line":17},"1":{"name":"(anonymous_1)","decl":{"start":{"line":18,"column":18},"end":{"line":18,"column":19}},"loc":{"start":{"line":18,"column":33},"end":{"line":18,"column":61}},"line":18},"2":{"name":"(anonymous_2)","decl":{"start":{"line":18,"column":64},"end":{"line":18,"column":65}},"loc":{"start":{"line":18,"column":70},"end":{"line":31,"column":5}},"line":18},"3":{"name":"(anonymous_3)","decl":{"start":{"line":19,"column":40},"end":{"line":19,"column":41}},"loc":{"start":{"line":19,"column":46},"end":{"line":30,"column":7}},"line":19},"4":{"name":"(anonymous_4)","decl":{"start":{"line":21,"column":38},"end":{"line":21,"column":39}},"loc":{"start":{"line":21,"column":43},"end":{"line":21,"column":59}},"line":21},"5":{"name":"(anonymous_5)","decl":{"start":{"line":28,"column":22},"end":{"line":28,"column":23}},"loc":{"start":{"line":28,"column":37},"end":{"line":28,"column":86}},"line":28},"6":{"name":"(anonymous_6)","decl":{"start":{"line":34,"column":21},"end":{"line":34,"column":22}},"loc":{"start":{"line":34,"column":39},"end":{"line":54,"column":3}},"line":34},"7":{"name":"(anonymous_7)","decl":{"start":{"line":56,"column":2},"end":{"line":56,"column":3}},"loc":{"start":{"line":56,"column":22},"end":{"line":60,"column":3}},"line":56},"8":{"name":"(anonymous_8)","decl":{"start":{"line":57,"column":27},"end":{"line":57,"column":28}},"loc":{"start":{"line":57,"column":36},"end":{"line":59,"column":5}},"line":57},"9":{"name":"(anonymous_9)","decl":{"start":{"line":58,"column":48},"end":{"line":58,"column":49}},"loc":{"start":{"line":58,"column":56},"end":{"line":58,"column":77}},"line":58},"10":{"name":"(anonymous_10)","decl":{"start":{"line":62,"column":2},"end":{"line":62,"column":3}},"loc":{"start":{"line":62,"column":11},"end":{"line":83,"column":3}},"line":62},"11":{"name":"(anonymous_11)","decl":{"start":{"line":66,"column":40},"end":{"line":66,"column":41}},"loc":{"start":{"line":67,"column":12},"end":{"line":71,"column":14}},"line":67},"12":{"name":"(anonymous_12)","decl":{"start":{"line":73,"column":40},"end":{"line":73,"column":41}},"loc":{"start":{"line":74,"column":12},"end":{"line":78,"column":14}},"line":74}},"branchMap":{"0":{"loc":{"start":{"line":22,"column":8},"end":{"line":27,"column":9}},"type":"if","locations":[{"start":{"line":22,"column":8},"end":{"line":27,"column":9}},{"start":{"line":22,"column":8},"end":{"line":27,"column":9}}],"line":22},"1":{"loc":{"start":{"line":35,"column":4},"end":{"line":53,"column":5}},"type":"if","locations":[{"start":{"line":35,"column":4},"end":{"line":53,"column":5}},{"start":{"line":35,"column":4},"end":{"line":53,"column":5}}],"line":35},"2":{"loc":{"start":{"line":39,"column":6},"end":{"line":51,"column":7}},"type":"switch","locations":[{"start":{"line":40,"column":8},"end":{"line":42,"column":16}},{"start":{"line":43,"column":8},"end":{"line":45,"column":16}},{"start":{"line":46,"column":8},"end":{"line":48,"column":16}},{"start":{"line":49,"column":8},"end":{"line":50,"column":16}}],"line":39}},"s":{"0":5,"1":5,"2":5,"3":5,"4":5,"5":19,"6":5,"7":1,"8":1,"9":4,"10":5,"11":5,"12":5,"13":5,"14":1,"15":4,"16":1,"17":1,"18":1,"19":1,"20":1,"21":1,"22":1,"23":4,"24":3,"25":3,"26":12,"27":16,"28":2,"29":14},"f":{"0":5,"1":5,"2":5,"3":5,"4":19,"5":5,"6":5,"7":3,"8":3,"9":12,"10":16,"11":2,"12":14},"b":{"0":[1,4],"1":[1,4],"2":[1,1,1,1]},"_coverageSchema":"332fd63041d2c1bcb487cc26dd0d5f7d97098a6c","hash":"5b76da27fc82ee4880af204f7e066ca091c64d45"}
,"/home/otavio/Documents/Projects/reactnd-project-myreads-starter/src/setupTests.js": {"path":"/home/otavio/Documents/Projects/reactnd-project-myreads-starter/src/setupTests.js","statementMap":{"0":{"start":{"line":4,"column":0},"end":{"line":4,"column":38}}},"fnMap":{},"branchMap":{},"s":{"0":6},"f":{},"b":{},"_coverageSchema":"332fd63041d2c1bcb487cc26dd0d5f7d97098a6c","hash":"594d925541b1b0d35c34d040a104fd27663e91a3"}
,"/home/otavio/Documents/Projects/reactnd-project-myreads-starter/src/components/LibraryPage.js": {"path":"/home/otavio/Documents/Projects/reactnd-project-myreads-starter/src/components/LibraryPage.js","statementMap":{"0":{"start":{"line":7,"column":20},"end":{"line":41,"column":1}},"1":{"start":{"line":8,"column":2},"end":{"line":40,"column":8}},"2":{"start":{"line":43,"column":0},"end":{"line":47,"column":2}}},"fnMap":{"0":{"name":"(anonymous_0)","decl":{"start":{"line":7,"column":20},"end":{"line":7,"column":21}},"loc":{"start":{"line":8,"column":2},"end":{"line":40,"column":8}},"line":8}},"branchMap":{},"s":{"0":2,"1":15,"2":2},"f":{"0":15},"b":{},"_coverageSchema":"332fd63041d2c1bcb487cc26dd0d5f7d97098a6c","hash":"cc5a26a678091d9a27576053a85de76a610cdb23"}
,"/home/otavio/Documents/Projects/reactnd-project-myreads-starter/src/components/SearchPage.js": {"path":"/home/otavio/Documents/Projects/reactnd-project-myreads-starter/src/components/SearchPage.js","statementMap":{"0":{"start":{"line":16,"column":14},"end":{"line":16,"column":32}},"1":{"start":{"line":22,"column":4},"end":{"line":52,"column":7}},"2":{"start":{"line":22,"column":33},"end":{"line":22,"column":84}},"3":{"start":{"line":23,"column":6},"end":{"line":51,"column":7}},"4":{"start":{"line":24,"column":8},"end":{"line":42,"column":11}},"5":{"start":{"line":25,"column":10},"end":{"line":41,"column":11}},"6":{"start":{"line":26,"column":12},"end":{"line":32,"column":15}},"7":{"start":{"line":27,"column":14},"end":{"line":31,"column":15}},"8":{"start":{"line":28,"column":16},"end":{"line":28,"column":69}},"9":{"start":{"line":30,"column":16},"end":{"line":30,"column":32}},"10":{"start":{"line":34,"column":12},"end":{"line":40,"column":15}},"11":{"start":{"line":35,"column":14},"end":{"line":39,"column":15}},"12":{"start":{"line":36,"column":16},"end":{"line":36,"column":66}},"13":{"start":{"line":38,"column":16},"end":{"line":38,"column":32}},"14":{"start":{"line":44,"column":8},"end":{"line":50,"column":11}},"15":{"start":{"line":45,"column":10},"end":{"line":49,"column":11}},"16":{"start":{"line":46,"column":12},"end":{"line":46,"column":62}},"17":{"start":{"line":48,"column":12},"end":{"line":48,"column":28}},"18":{"start":{"line":56,"column":4},"end":{"line":95,"column":6}},"19":{"start":{"line":82,"column":27},"end":{"line":82,"column":78}},"20":{"start":{"line":82,"column":61},"end":{"line":82,"column":77}},"21":{"start":{"line":83,"column":16},"end":{"line":89,"column":18}},"22":{"start":{"line":99,"column":0},"end":{"line":103,"column":2}}},"fnMap":{"0":{"name":"(anonymous_0)","decl":{"start":{"line":15,"column":28},"end":{"line":15,"column":29}},"loc":{"start":{"line":15,"column":39},"end":{"line":53,"column":3}},"line":15},"1":{"name":"(anonymous_1)","decl":{"start":{"line":22,"column":18},"end":{"line":22,"column":19}},"loc":{"start":{"line":22,"column":33},"end":{"line":22,"column":84}},"line":22},"2":{"name":"(anonymous_2)","decl":{"start":{"line":22,"column":87},"end":{"line":22,"column":88}},"loc":{"start":{"line":22,"column":93},"end":{"line":52,"column":5}},"line":22},"3":{"name":"(anonymous_3)","decl":{"start":{"line":24,"column":32},"end":{"line":24,"column":33}},"loc":{"start":{"line":24,"column":43},"end":{"line":42,"column":9}},"line":24},"4":{"name":"(anonymous_4)","decl":{"start":{"line":26,"column":26},"end":{"line":26,"column":27}},"loc":{"start":{"line":26,"column":40},"end":{"line":32,"column":13}},"line":26},"5":{"name":"(anonymous_5)","decl":{"start":{"line":34,"column":26},"end":{"line":34,"column":27}},"loc":{"start":{"line":34,"column":40},"end":{"line":40,"column":13}},"line":34},"6":{"name":"(anonymous_6)","decl":{"start":{"line":44,"column":22},"end":{"line":44,"column":23}},"loc":{"start":{"line":44,"column":36},"end":{"line":50,"column":9}},"line":44},"7":{"name":"(anonymous_7)","decl":{"start":{"line":55,"column":2},"end":{"line":55,"column":3}},"loc":{"start":{"line":55,"column":11},"end":{"line":96,"column":3}},"line":55},"8":{"name":"(anonymous_8)","decl":{"start":{"line":81,"column":36},"end":{"line":81,"column":37}},"loc":{"start":{"line":81,"column":46},"end":{"line":90,"column":15}},"line":81},"9":{"name":"(anonymous_9)","decl":{"start":{"line":82,"column":56},"end":{"line":82,"column":57}},"loc":{"start":{"line":82,"column":61},"end":{"line":82,"column":77}},"line":82}},"branchMap":{"0":{"loc":{"start":{"line":23,"column":6},"end":{"line":51,"column":7}},"type":"if","locations":[{"start":{"line":23,"column":6},"end":{"line":51,"column":7}},{"start":{"line":23,"column":6},"end":{"line":51,"column":7}}],"line":23},"1":{"loc":{"start":{"line":25,"column":10},"end":{"line":41,"column":11}},"type":"if","locations":[{"start":{"line":25,"column":10},"end":{"line":41,"column":11}},{"start":{"line":25,"column":10},"end":{"line":41,"column":11}}],"line":25},"2":{"loc":{"start":{"line":27,"column":14},"end":{"line":31,"column":15}},"type":"if","locations":[{"start":{"line":27,"column":14},"end":{"line":31,"column":15}},{"start":{"line":27,"column":14},"end":{"line":31,"column":15}}],"line":27},"3":{"loc":{"start":{"line":35,"column":14},"end":{"line":39,"column":15}},"type":"if","locations":[{"start":{"line":35,"column":14},"end":{"line":39,"column":15}},{"start":{"line":35,"column":14},"end":{"line":39,"column":15}}],"line":35},"4":{"loc":{"start":{"line":45,"column":10},"end":{"line":49,"column":11}},"type":"if","locations":[{"start":{"line":45,"column":10},"end":{"line":49,"column":11}},{"start":{"line":45,"column":10},"end":{"line":49,"column":11}}],"line":45},"5":{"loc":{"start":{"line":58,"column":18},"end":{"line":58,"column":60}},"type":"binary-expr","locations":[{"start":{"line":58,"column":18},"end":{"line":58,"column":38}},{"start":{"line":58,"column":42},"end":{"line":58,"column":60}}],"line":58},"6":{"loc":{"start":{"line":60,"column":13},"end":{"line":60,"column":65}},"type":"cond-expr","locations":[{"start":{"line":60,"column":36},"end":{"line":60,"column":50}},{"start":{"line":60,"column":53},"end":{"line":60,"column":65}}],"line":60},"7":{"loc":{"start":{"line":86,"column":26},"end":{"line":86,"column":40}},"type":"cond-expr","locations":[{"start":{"line":86,"column":31},"end":{"line":86,"column":33}},{"start":{"line":86,"column":36},"end":{"line":86,"column":40}}],"line":86}},"s":{"0":5,"1":5,"2":5,"3":5,"4":4,"5":4,"6":2,"7":2,"8":1,"9":1,"10":2,"11":2,"12":1,"13":1,"14":1,"15":1,"16":1,"17":0,"18":20,"19":1,"20":1,"21":1,"22":2},"f":{"0":5,"1":5,"2":5,"3":4,"4":2,"5":2,"6":1,"7":20,"8":1,"9":1},"b":{"0":[4,1],"1":[2,2],"2":[1,1],"3":[1,1],"4":[1,0],"5":[20,11],"6":[9,11],"7":[1,0]},"_coverageSchema":"332fd63041d2c1bcb487cc26dd0d5f7d97098a6c","hash":"4d8b96c90466679fcd0b50304e7726ee8b4094cf"}
,"/home/otavio/Documents/Projects/reactnd-project-myreads-starter/src/components/book/Book.js": {"path":"/home/otavio/Documents/Projects/reactnd-project-myreads-starter/src/components/book/Book.js","statementMap":{"0":{"start":{"line":5,"column":13},"end":{"line":29,"column":1}},"1":{"start":{"line":6,"column":2},"end":{"line":28,"column":7}},"2":{"start":{"line":25,"column":8},"end":{"line":25,"column":65}},"3":{"start":{"line":31,"column":0},"end":{"line":34,"column":2}}},"fnMap":{"0":{"name":"(anonymous_0)","decl":{"start":{"line":5,"column":13},"end":{"line":5,"column":14}},"loc":{"start":{"line":6,"column":2},"end":{"line":28,"column":7}},"line":6},"1":{"name":"(anonymous_1)","decl":{"start":{"line":24,"column":51},"end":{"line":24,"column":52}},"loc":{"start":{"line":25,"column":8},"end":{"line":25,"column":65}},"line":25}},"branchMap":{"0":{"loc":{"start":{"line":14,"column":37},"end":{"line":14,"column":97}},"type":"cond-expr","locations":[{"start":{"line":14,"column":61},"end":{"line":14,"column":92}},{"start":{"line":14,"column":95},"end":{"line":14,"column":97}}],"line":14},"1":{"loc":{"start":{"line":19,"column":17},"end":{"line":19,"column":61}},"type":"cond-expr","locations":[{"start":{"line":19,"column":36},"end":{"line":19,"column":52}},{"start":{"line":19,"column":55},"end":{"line":19,"column":61}}],"line":19},"2":{"loc":{"start":{"line":24,"column":7},"end":{"line":26,"column":13}},"type":"cond-expr","locations":[{"start":{"line":24,"column":28},"end":{"line":26,"column":8}},{"start":{"line":26,"column":11},"end":{"line":26,"column":13}}],"line":24}},"s":{"0":5,"1":26,"2":2,"3":5},"f":{"0":26,"1":2},"b":{"0":[1,25],"1":[25,1],"2":[1,25]},"_coverageSchema":"332fd63041d2c1bcb487cc26dd0d5f7d97098a6c","hash":"7262f9c98ef9ce84b935e534a72c9f19b02a6b35"}
,"/home/otavio/Documents/Projects/reactnd-project-myreads-starter/src/components/book/BookMenu.js": {"path":"/home/otavio/Documents/Projects/reactnd-project-myreads-starter/src/components/book/BookMenu.js","statementMap":{"0":{"start":{"line":4,"column":17},"end":{"line":17,"column":1}},"1":{"start":{"line":5,"column":2},"end":{"line":16,"column":8}},"2":{"start":{"line":7,"column":6},"end":{"line":7,"column":25}},"3":{"start":{"line":8,"column":6},"end":{"line":8,"column":58}},"4":{"start":{"line":19,"column":0},"end":{"line":23,"column":2}}},"fnMap":{"0":{"name":"(anonymous_0)","decl":{"start":{"line":4,"column":17},"end":{"line":4,"column":18}},"loc":{"start":{"line":5,"column":2},"end":{"line":16,"column":8}},"line":5},"1":{"name":"(anonymous_1)","decl":{"start":{"line":6,"column":42},"end":{"line":6,"column":43}},"loc":{"start":{"line":6,"column":49},"end":{"line":9,"column":5}},"line":6}},"branchMap":{},"s":{"0":6,"1":26,"2":1,"3":1,"4":6},"f":{"0":26,"1":1},"b":{},"_coverageSchema":"332fd63041d2c1bcb487cc26dd0d5f7d97098a6c","hash":"6b15792bfb44324dc3a444d5297edf2bf54ff394"}
,"/home/otavio/Documents/Projects/reactnd-project-myreads-starter/src/components/book/BookShelf.js": {"path":"/home/otavio/Documents/Projects/reactnd-project-myreads-starter/src/components/book/BookShelf.js","statementMap":{"0":{"start":{"line":5,"column":18},"end":{"line":20,"column":1}},"1":{"start":{"line":6,"column":2},"end":{"line":19,"column":8}},"2":{"start":{"line":10,"column":36},"end":{"line":10,"column":62}},"3":{"start":{"line":11,"column":10},"end":{"line":15,"column":12}},"4":{"start":{"line":22,"column":0},"end":{"line":27,"column":2}}},"fnMap":{"0":{"name":"(anonymous_0)","decl":{"start":{"line":5,"column":18},"end":{"line":5,"column":19}},"loc":{"start":{"line":6,"column":2},"end":{"line":19,"column":8}},"line":6},"1":{"name":"(anonymous_1)","decl":{"start":{"line":10,"column":28},"end":{"line":10,"column":29}},"loc":{"start":{"line":10,"column":36},"end":{"line":10,"column":62}},"line":10},"2":{"name":"(anonymous_2)","decl":{"start":{"line":10,"column":68},"end":{"line":10,"column":69}},"loc":{"start":{"line":11,"column":10},"end":{"line":15,"column":12}},"line":11}},"branchMap":{},"s":{"0":3,"1":43,"2":79,"3":25,"4":3},"f":{"0":43,"1":79,"2":25},"b":{},"_coverageSchema":"332fd63041d2c1bcb487cc26dd0d5f7d97098a6c","hash":"f59b128a508d07915a0612658ec9293b963c1746"}
}
