{"/home/otavio/Documents/reactnd-project-myreads-starter/src/App.js": {"path":"/home/otavio/Documents/reactnd-project-myreads-starter/src/App.js","statementMap":{"0":{"start":{"line":13,"column":10},"end":{"line":16,"column":3}},"1":{"start":{"line":18,"column":22},"end":{"line":27,"column":3}},"2":{"start":{"line":19,"column":4},"end":{"line":26,"column":7}},"3":{"start":{"line":19,"column":33},"end":{"line":19,"column":61}},"4":{"start":{"line":20,"column":6},"end":{"line":25,"column":9}},"5":{"start":{"line":21,"column":8},"end":{"line":21,"column":27}},"6":{"start":{"line":22,"column":22},"end":{"line":22,"column":88}},"7":{"start":{"line":22,"column":58},"end":{"line":22,"column":74}},"8":{"start":{"line":23,"column":8},"end":{"line":23,"column":90}},"9":{"start":{"line":23,"column":37},"end":{"line":23,"column":87}},"10":{"start":{"line":24,"column":8},"end":{"line":24,"column":49}},"11":{"start":{"line":29,"column":21},"end":{"line":36,"column":3}},"12":{"start":{"line":30,"column":16},"end":{"line":30,"column":96}},"13":{"start":{"line":32,"column":4},"end":{"line":35,"column":7}},"14":{"start":{"line":39,"column":4},"end":{"line":41,"column":7}},"15":{"start":{"line":40,"column":6},"end":{"line":40,"column":81}},"16":{"start":{"line":40,"column":56},"end":{"line":40,"column":77}},"17":{"start":{"line":45,"column":4},"end":{"line":64,"column":6}},"18":{"start":{"line":49,"column":12},"end":{"line":53,"column":14}},"19":{"start":{"line":56,"column":12},"end":{"line":60,"column":14}}},"fnMap":{"0":{"name":"(anonymous_0)","decl":{"start":{"line":18,"column":22},"end":{"line":18,"column":23}},"loc":{"start":{"line":18,"column":39},"end":{"line":27,"column":3}},"line":18},"1":{"name":"(anonymous_1)","decl":{"start":{"line":19,"column":18},"end":{"line":19,"column":19}},"loc":{"start":{"line":19,"column":33},"end":{"line":19,"column":61}},"line":19},"2":{"name":"(anonymous_2)","decl":{"start":{"line":19,"column":64},"end":{"line":19,"column":65}},"loc":{"start":{"line":19,"column":70},"end":{"line":26,"column":5}},"line":19},"3":{"name":"(anonymous_3)","decl":{"start":{"line":20,"column":40},"end":{"line":20,"column":41}},"loc":{"start":{"line":20,"column":46},"end":{"line":25,"column":7}},"line":20},"4":{"name":"(anonymous_4)","decl":{"start":{"line":22,"column":53},"end":{"line":22,"column":54}},"loc":{"start":{"line":22,"column":58},"end":{"line":22,"column":74}},"line":22},"5":{"name":"(anonymous_5)","decl":{"start":{"line":23,"column":22},"end":{"line":23,"column":23}},"loc":{"start":{"line":23,"column":37},"end":{"line":23,"column":87}},"line":23},"6":{"name":"(anonymous_6)","decl":{"start":{"line":29,"column":21},"end":{"line":29,"column":22}},"loc":{"start":{"line":29,"column":39},"end":{"line":36,"column":3}},"line":29},"7":{"name":"(anonymous_7)","decl":{"start":{"line":38,"column":2},"end":{"line":38,"column":3}},"loc":{"start":{"line":38,"column":22},"end":{"line":42,"column":3}},"line":38},"8":{"name":"(anonymous_8)","decl":{"start":{"line":39,"column":27},"end":{"line":39,"column":28}},"loc":{"start":{"line":39,"column":36},"end":{"line":41,"column":5}},"line":39},"9":{"name":"(anonymous_9)","decl":{"start":{"line":40,"column":48},"end":{"line":40,"column":49}},"loc":{"start":{"line":40,"column":56},"end":{"line":40,"column":77}},"line":40},"10":{"name":"(anonymous_10)","decl":{"start":{"line":44,"column":2},"end":{"line":44,"column":3}},"loc":{"start":{"line":44,"column":11},"end":{"line":65,"column":3}},"line":44},"11":{"name":"(anonymous_11)","decl":{"start":{"line":48,"column":40},"end":{"line":48,"column":41}},"loc":{"start":{"line":49,"column":12},"end":{"line":53,"column":14}},"line":49},"12":{"name":"(anonymous_12)","decl":{"start":{"line":55,"column":40},"end":{"line":55,"column":41}},"loc":{"start":{"line":56,"column":12},"end":{"line":60,"column":14}},"line":56}},"branchMap":{"0":{"loc":{"start":{"line":30,"column":16},"end":{"line":30,"column":96}},"type":"cond-expr","locations":[{"start":{"line":30,"column":37},"end":{"line":30,"column":60}},{"start":{"line":30,"column":63},"end":{"line":30,"column":96}}],"line":30}},"s":{"0":3,"1":3,"2":5,"3":5,"4":5,"5":5,"6":5,"7":19,"8":5,"9":5,"10":5,"11":3,"12":5,"13":5,"14":3,"15":3,"16":12,"17":16,"18":2,"19":14},"f":{"0":5,"1":5,"2":5,"3":5,"4":19,"5":5,"6":5,"7":3,"8":3,"9":12,"10":16,"11":2,"12":14},"b":{"0":[1,4]},"_coverageSchema":"43e27e138ebf9cfc5966b082cf9a028302ed4184","hash":"2f2de0367914fcd47483795ea7e53132ec3ddc39"}
,"/home/otavio/Documents/reactnd-project-myreads-starter/src/components/LibraryPage.js": {"path":"/home/otavio/Documents/reactnd-project-myreads-starter/src/components/LibraryPage.js","statementMap":{"0":{"start":{"line":10,"column":20},"end":{"line":18,"column":3}},"1":{"start":{"line":11,"column":4},"end":{"line":17,"column":6}},"2":{"start":{"line":11,"column":43},"end":{"line":11,"column":63}},"3":{"start":{"line":12,"column":6},"end":{"line":16,"column":8}},"4":{"start":{"line":21,"column":4},"end":{"line":49,"column":6}},"5":{"start":{"line":53,"column":0},"end":{"line":57,"column":2}}},"fnMap":{"0":{"name":"(anonymous_0)","decl":{"start":{"line":10,"column":20},"end":{"line":10,"column":21}},"loc":{"start":{"line":11,"column":4},"end":{"line":17,"column":6}},"line":11},"1":{"name":"(anonymous_1)","decl":{"start":{"line":11,"column":35},"end":{"line":11,"column":36}},"loc":{"start":{"line":11,"column":43},"end":{"line":11,"column":63}},"line":11},"2":{"name":"(anonymous_2)","decl":{"start":{"line":11,"column":69},"end":{"line":11,"column":70}},"loc":{"start":{"line":12,"column":6},"end":{"line":16,"column":8}},"line":12},"3":{"name":"(anonymous_3)","decl":{"start":{"line":20,"column":2},"end":{"line":20,"column":3}},"loc":{"start":{"line":20,"column":11},"end":{"line":50,"column":3}},"line":20}},"branchMap":{},"s":{"0":3,"1":45,"2":78,"3":24,"4":15,"5":2},"f":{"0":45,"1":78,"2":24,"3":15},"b":{},"_coverageSchema":"43e27e138ebf9cfc5966b082cf9a028302ed4184","hash":"9a277a62baf6e96ad5aaa27114d16da72459ed01"}
,"/home/otavio/Documents/reactnd-project-myreads-starter/src/components/SearchPage.js": {"path":"/home/otavio/Documents/reactnd-project-myreads-starter/src/components/SearchPage.js","statementMap":{"0":{"start":{"line":9,"column":10},"end":{"line":13,"column":3}},"1":{"start":{"line":15,"column":28},"end":{"line":45,"column":3}},"2":{"start":{"line":16,"column":14},"end":{"line":16,"column":32}},"3":{"start":{"line":17,"column":4},"end":{"line":44,"column":7}},"4":{"start":{"line":17,"column":33},"end":{"line":17,"column":88}},"5":{"start":{"line":18,"column":6},"end":{"line":43,"column":7}},"6":{"start":{"line":19,"column":8},"end":{"line":42,"column":11}},"7":{"start":{"line":20,"column":10},"end":{"line":41,"column":13}},"8":{"start":{"line":21,"column":12},"end":{"line":40,"column":13}},"9":{"start":{"line":22,"column":14},"end":{"line":37,"column":16}},"10":{"start":{"line":27,"column":33},"end":{"line":27,"column":84}},"11":{"start":{"line":27,"column":67},"end":{"line":27,"column":83}},"12":{"start":{"line":28,"column":22},"end":{"line":34,"column":24}},"13":{"start":{"line":39,"column":14},"end":{"line":39,"column":30}},"14":{"start":{"line":48,"column":4},"end":{"line":78,"column":6}},"15":{"start":{"line":82,"column":0},"end":{"line":86,"column":2}}},"fnMap":{"0":{"name":"(anonymous_0)","decl":{"start":{"line":15,"column":28},"end":{"line":15,"column":29}},"loc":{"start":{"line":15,"column":39},"end":{"line":45,"column":3}},"line":15},"1":{"name":"(anonymous_1)","decl":{"start":{"line":17,"column":18},"end":{"line":17,"column":19}},"loc":{"start":{"line":17,"column":33},"end":{"line":17,"column":88}},"line":17},"2":{"name":"(anonymous_2)","decl":{"start":{"line":17,"column":91},"end":{"line":17,"column":92}},"loc":{"start":{"line":17,"column":97},"end":{"line":44,"column":5}},"line":17},"3":{"name":"(anonymous_3)","decl":{"start":{"line":19,"column":32},"end":{"line":19,"column":33}},"loc":{"start":{"line":19,"column":43},"end":{"line":42,"column":9}},"line":19},"4":{"name":"(anonymous_4)","decl":{"start":{"line":20,"column":24},"end":{"line":20,"column":25}},"loc":{"start":{"line":20,"column":38},"end":{"line":41,"column":11}},"line":20},"5":{"name":"(anonymous_5)","decl":{"start":{"line":26,"column":32},"end":{"line":26,"column":33}},"loc":{"start":{"line":26,"column":42},"end":{"line":35,"column":21}},"line":26},"6":{"name":"(anonymous_6)","decl":{"start":{"line":27,"column":62},"end":{"line":27,"column":63}},"loc":{"start":{"line":27,"column":67},"end":{"line":27,"column":83}},"line":27},"7":{"name":"(anonymous_7)","decl":{"start":{"line":47,"column":2},"end":{"line":47,"column":3}},"loc":{"start":{"line":47,"column":11},"end":{"line":79,"column":3}},"line":47}},"branchMap":{"0":{"loc":{"start":{"line":18,"column":6},"end":{"line":43,"column":7}},"type":"if","locations":[{"start":{"line":18,"column":6},"end":{"line":43,"column":7}},{"start":{"line":18,"column":6},"end":{"line":43,"column":7}}],"line":18},"1":{"loc":{"start":{"line":21,"column":12},"end":{"line":40,"column":13}},"type":"if","locations":[{"start":{"line":21,"column":12},"end":{"line":40,"column":13}},{"start":{"line":21,"column":12},"end":{"line":40,"column":13}}],"line":21},"2":{"loc":{"start":{"line":25,"column":23},"end":{"line":36,"column":24}},"type":"cond-expr","locations":[{"start":{"line":26,"column":22},"end":{"line":35,"column":22}},{"start":{"line":36,"column":22},"end":{"line":36,"column":24}}],"line":25},"3":{"loc":{"start":{"line":31,"column":32},"end":{"line":31,"column":46}},"type":"cond-expr","locations":[{"start":{"line":31,"column":37},"end":{"line":31,"column":39}},{"start":{"line":31,"column":42},"end":{"line":31,"column":46}}],"line":31},"4":{"loc":{"start":{"line":50,"column":18},"end":{"line":50,"column":60}},"type":"binary-expr","locations":[{"start":{"line":50,"column":18},"end":{"line":50,"column":38}},{"start":{"line":50,"column":42},"end":{"line":50,"column":60}}],"line":50},"5":{"loc":{"start":{"line":52,"column":13},"end":{"line":52,"column":65}},"type":"cond-expr","locations":[{"start":{"line":52,"column":36},"end":{"line":52,"column":50}},{"start":{"line":52,"column":53},"end":{"line":52,"column":65}}],"line":52}},"s":{"0":7,"1":7,"2":5,"3":5,"4":5,"5":5,"6":4,"7":4,"8":4,"9":2,"10":1,"11":1,"12":1,"13":2,"14":19,"15":2},"f":{"0":5,"1":5,"2":5,"3":4,"4":4,"5":1,"6":1,"7":19},"b":{"0":[4,1],"1":[2,2],"2":[1,1],"3":[1,0],"4":[19,11],"5":[8,11]},"_coverageSchema":"43e27e138ebf9cfc5966b082cf9a028302ed4184","hash":"bed1882f3d1d2e49760e33ca2e4afa4a45bc1b7a"}
,"/home/otavio/Documents/reactnd-project-myreads-starter/src/components/book/Book.js": {"path":"/home/otavio/Documents/reactnd-project-myreads-starter/src/components/book/Book.js","statementMap":{"0":{"start":{"line":5,"column":13},"end":{"line":29,"column":1}},"1":{"start":{"line":6,"column":2},"end":{"line":28,"column":7}},"2":{"start":{"line":25,"column":8},"end":{"line":25,"column":65}},"3":{"start":{"line":31,"column":0},"end":{"line":34,"column":2}}},"fnMap":{"0":{"name":"(anonymous_0)","decl":{"start":{"line":5,"column":13},"end":{"line":5,"column":14}},"loc":{"start":{"line":6,"column":2},"end":{"line":28,"column":7}},"line":6},"1":{"name":"(anonymous_1)","decl":{"start":{"line":24,"column":51},"end":{"line":24,"column":52}},"loc":{"start":{"line":25,"column":8},"end":{"line":25,"column":65}},"line":25}},"branchMap":{"0":{"loc":{"start":{"line":14,"column":37},"end":{"line":14,"column":122}},"type":"cond-expr","locations":[{"start":{"line":14,"column":61},"end":{"line":14,"column":117}},{"start":{"line":14,"column":120},"end":{"line":14,"column":122}}],"line":14},"1":{"loc":{"start":{"line":19,"column":17},"end":{"line":19,"column":61}},"type":"cond-expr","locations":[{"start":{"line":19,"column":36},"end":{"line":19,"column":52}},{"start":{"line":19,"column":55},"end":{"line":19,"column":61}}],"line":19},"2":{"loc":{"start":{"line":24,"column":7},"end":{"line":26,"column":13}},"type":"cond-expr","locations":[{"start":{"line":24,"column":28},"end":{"line":26,"column":8}},{"start":{"line":26,"column":11},"end":{"line":26,"column":13}}],"line":24}},"s":{"0":5,"1":26,"2":2,"3":5},"f":{"0":26,"1":2},"b":{"0":[1,25],"1":[25,1],"2":[1,25]},"_coverageSchema":"43e27e138ebf9cfc5966b082cf9a028302ed4184","hash":"0369bf343f7baf26963b300efeabb303cecabbfa"}
,"/home/otavio/Documents/reactnd-project-myreads-starter/src/components/book/BookMenu.js": {"path":"/home/otavio/Documents/reactnd-project-myreads-starter/src/components/book/BookMenu.js","statementMap":{"0":{"start":{"line":4,"column":17},"end":{"line":17,"column":1}},"1":{"start":{"line":5,"column":2},"end":{"line":16,"column":8}},"2":{"start":{"line":7,"column":6},"end":{"line":7,"column":25}},"3":{"start":{"line":8,"column":6},"end":{"line":8,"column":58}},"4":{"start":{"line":19,"column":0},"end":{"line":23,"column":2}}},"fnMap":{"0":{"name":"(anonymous_0)","decl":{"start":{"line":4,"column":17},"end":{"line":4,"column":18}},"loc":{"start":{"line":5,"column":2},"end":{"line":16,"column":8}},"line":5},"1":{"name":"(anonymous_1)","decl":{"start":{"line":6,"column":68},"end":{"line":6,"column":69}},"loc":{"start":{"line":6,"column":75},"end":{"line":9,"column":5}},"line":6}},"branchMap":{},"s":{"0":6,"1":26,"2":1,"3":1,"4":6},"f":{"0":26,"1":1},"b":{},"_coverageSchema":"43e27e138ebf9cfc5966b082cf9a028302ed4184","hash":"d28e66340447e612db71e906646a4afa24896cdf"}
,"/home/otavio/Documents/reactnd-project-myreads-starter/src/components/book/BookShelf.js": {"path":"/home/otavio/Documents/reactnd-project-myreads-starter/src/components/book/BookShelf.js","statementMap":{"0":{"start":{"line":4,"column":18},"end":{"line":13,"column":1}},"1":{"start":{"line":5,"column":2},"end":{"line":12,"column":8}},"2":{"start":{"line":15,"column":0},"end":{"line":18,"column":2}}},"fnMap":{"0":{"name":"(anonymous_0)","decl":{"start":{"line":4,"column":18},"end":{"line":4,"column":19}},"loc":{"start":{"line":5,"column":2},"end":{"line":12,"column":8}},"line":5}},"branchMap":{},"s":{"0":3,"1":43,"2":3},"f":{"0":43},"b":{},"_coverageSchema":"43e27e138ebf9cfc5966b082cf9a028302ed4184","hash":"908771e35bf2bb2765c957a2c6f41f5afd778428"}
}
