TN:
SF:/home/otavio/Documents/Projects/reactnd-project-myreads-starter/src/App.js
FN:17,(anonymous_0)
FN:18,(anonymous_1)
FN:18,(anonymous_2)
FN:19,(anonymous_3)
FN:21,(anonymous_4)
FN:28,(anonymous_5)
FN:34,(anonymous_6)
FN:56,(anonymous_7)
FN:57,(anonymous_8)
FN:58,(anonymous_9)
FN:62,(anonymous_10)
FN:66,(anonymous_11)
FN:73,(anonymous_12)
FNF:13
FNH:13
FNDA:5,(anonymous_0)
FNDA:5,(anonymous_1)
FNDA:5,(anonymous_2)
FNDA:5,(anonymous_3)
FNDA:19,(anonymous_4)
FNDA:5,(anonymous_5)
FNDA:5,(anonymous_6)
FNDA:3,(anonymous_7)
FNDA:3,(anonymous_8)
FNDA:12,(anonymous_9)
FNDA:16,(anonymous_10)
FNDA:2,(anonymous_11)
FNDA:14,(anonymous_12)
DA:18,5
DA:19,5
DA:20,5
DA:21,19
DA:22,5
DA:23,1
DA:24,1
DA:26,4
DA:28,5
DA:29,5
DA:35,5
DA:36,1
DA:39,4
DA:41,1
DA:42,1
DA:44,1
DA:45,1
DA:47,1
DA:48,1
DA:50,1
DA:52,4
DA:57,3
DA:58,12
DA:63,16
DA:67,2
DA:74,14
LF:26
LH:26
BRDA:22,0,0,1
BRDA:22,0,1,4
BRDA:35,1,0,1
BRDA:35,1,1,4
BRDA:39,2,0,1
BRDA:39,2,1,1
BRDA:39,2,2,1
BRDA:39,2,3,1
BRF:8
BRH:8
end_of_record
TN:
SF:/home/otavio/Documents/Projects/reactnd-project-myreads-starter/src/setupTests.js
FNF:0
FNH:0
DA:4,6
LF:1
LH:1
BRF:0
BRH:0
end_of_record
TN:
SF:/home/otavio/Documents/Projects/reactnd-project-myreads-starter/src/components/LibraryPage.js
FN:7,(anonymous_0)
FNF:1
FNH:1
FNDA:15,(anonymous_0)
DA:7,2
DA:8,15
DA:43,2
LF:3
LH:3
BRF:0
BRH:0
end_of_record
TN:
SF:/home/otavio/Documents/Projects/reactnd-project-myreads-starter/src/components/SearchPage.js
FN:15,(anonymous_0)
FN:22,(anonymous_1)
FN:22,(anonymous_2)
FN:24,(anonymous_3)
FN:26,(anonymous_4)
FN:34,(anonymous_5)
FN:44,(anonymous_6)
FN:55,(anonymous_7)
FN:81,(anonymous_8)
FN:82,(anonymous_9)
FNF:10
FNH:10
FNDA:5,(anonymous_0)
FNDA:5,(anonymous_1)
FNDA:5,(anonymous_2)
FNDA:4,(anonymous_3)
FNDA:2,(anonymous_4)
FNDA:2,(anonymous_5)
FNDA:1,(anonymous_6)
FNDA:20,(anonymous_7)
FNDA:1,(anonymous_8)
FNDA:1,(anonymous_9)
DA:16,5
DA:22,5
DA:23,5
DA:24,4
DA:25,4
DA:26,2
DA:27,2
DA:28,1
DA:30,1
DA:34,2
DA:35,2
DA:36,1
DA:38,1
DA:44,1
DA:45,1
DA:46,1
DA:48,0
DA:56,20
DA:82,1
DA:83,1
DA:99,2
LF:21
LH:20
BRDA:23,0,0,4
BRDA:23,0,1,1
BRDA:25,1,0,2
BRDA:25,1,1,2
BRDA:27,2,0,1
BRDA:27,2,1,1
BRDA:35,3,0,1
BRDA:35,3,1,1
BRDA:45,4,0,1
BRDA:45,4,1,0
BRDA:58,5,0,20
BRDA:58,5,1,11
BRDA:60,6,0,9
BRDA:60,6,1,11
BRDA:86,7,0,1
BRDA:86,7,1,0
BRF:16
BRH:14
end_of_record
TN:
SF:/home/otavio/Documents/Projects/reactnd-project-myreads-starter/src/components/book/Book.js
FN:5,(anonymous_0)
FN:24,(anonymous_1)
FNF:2
FNH:2
FNDA:26,(anonymous_0)
FNDA:2,(anonymous_1)
DA:5,5
DA:6,26
DA:25,2
DA:31,5
LF:4
LH:4
BRDA:14,0,0,1
BRDA:14,0,1,25
BRDA:19,1,0,25
BRDA:19,1,1,1
BRDA:24,2,0,1
BRDA:24,2,1,25
BRF:6
BRH:6
end_of_record
TN:
SF:/home/otavio/Documents/Projects/reactnd-project-myreads-starter/src/components/book/BookMenu.js
FN:4,(anonymous_0)
FN:6,(anonymous_1)
FNF:2
FNH:2
FNDA:26,(anonymous_0)
FNDA:1,(anonymous_1)
DA:4,6
DA:5,26
DA:7,1
DA:8,1
DA:19,6
LF:5
LH:5
BRF:0
BRH:0
end_of_record
TN:
SF:/home/otavio/Documents/Projects/reactnd-project-myreads-starter/src/components/book/BookShelf.js
FN:5,(anonymous_0)
FN:10,(anonymous_1)
FN:10,(anonymous_2)
FNF:3
FNH:3
FNDA:43,(anonymous_0)
FNDA:79,(anonymous_1)
FNDA:25,(anonymous_2)
DA:5,3
DA:6,43
DA:10,79
DA:11,25
DA:22,3
LF:5
LH:5
BRF:0
BRH:0
end_of_record
