TN:
SF:/home/otavio/Documents/reactnd-project-myreads-starter/src/App.js
FN:18,(anonymous_0)
FN:19,(anonymous_1)
FN:19,(anonymous_2)
FN:20,(anonymous_3)
FN:22,(anonymous_4)
FN:23,(anonymous_5)
FN:29,(anonymous_6)
FN:38,(anonymous_7)
FN:39,(anonymous_8)
FN:40,(anonymous_9)
FN:44,(anonymous_10)
FN:48,(anonymous_11)
FN:55,(anonymous_12)
FNF:13
FNH:13
FNDA:5,(anonymous_0)
FNDA:5,(anonymous_1)
FNDA:5,(anonymous_2)
FNDA:5,(anonymous_3)
FNDA:19,(anonymous_4)
FNDA:5,(anonymous_5)
FNDA:5,(anonymous_6)
FNDA:3,(anonymous_7)
FNDA:3,(anonymous_8)
FNDA:12,(anonymous_9)
FNDA:16,(anonymous_10)
FNDA:2,(anonymous_11)
FNDA:14,(anonymous_12)
DA:13,3
DA:18,3
DA:19,5
DA:20,5
DA:21,5
DA:22,19
DA:23,5
DA:24,5
DA:29,3
DA:30,5
DA:32,5
DA:39,3
DA:40,12
DA:45,16
DA:49,2
DA:56,14
LF:16
LH:16
BRDA:30,0,0,1
BRDA:30,0,1,4
BRF:2
BRH:2
end_of_record
TN:
SF:/home/otavio/Documents/reactnd-project-myreads-starter/src/components/LibraryPage.js
FN:10,(anonymous_0)
FN:11,(anonymous_1)
FN:11,(anonymous_2)
FN:20,(anonymous_3)
FNF:4
FNH:4
FNDA:45,(anonymous_0)
FNDA:78,(anonymous_1)
FNDA:24,(anonymous_2)
FNDA:15,(anonymous_3)
DA:10,3
DA:11,78
DA:12,24
DA:21,15
DA:53,2
LF:5
LH:5
BRF:0
BRH:0
end_of_record
TN:
SF:/home/otavio/Documents/reactnd-project-myreads-starter/src/components/SearchPage.js
FN:15,(anonymous_0)
FN:17,(anonymous_1)
FN:17,(anonymous_2)
FN:19,(anonymous_3)
FN:20,(anonymous_4)
FN:26,(anonymous_5)
FN:27,(anonymous_6)
FN:47,(anonymous_7)
FNF:8
FNH:8
FNDA:5,(anonymous_0)
FNDA:5,(anonymous_1)
FNDA:5,(anonymous_2)
FNDA:4,(anonymous_3)
FNDA:4,(anonymous_4)
FNDA:1,(anonymous_5)
FNDA:1,(anonymous_6)
FNDA:19,(anonymous_7)
DA:9,7
DA:15,7
DA:16,5
DA:17,5
DA:18,5
DA:19,4
DA:20,4
DA:21,4
DA:22,2
DA:27,1
DA:28,1
DA:39,2
DA:48,19
DA:82,2
LF:14
LH:14
BRDA:18,0,0,4
BRDA:18,0,1,1
BRDA:21,1,0,2
BRDA:21,1,1,2
BRDA:25,2,0,1
BRDA:25,2,1,1
BRDA:31,3,0,1
BRDA:31,3,1,0
BRDA:50,4,0,19
BRDA:50,4,1,11
BRDA:52,5,0,8
BRDA:52,5,1,11
BRF:12
BRH:11
end_of_record
TN:
SF:/home/otavio/Documents/reactnd-project-myreads-starter/src/components/book/Book.js
FN:5,(anonymous_0)
FN:24,(anonymous_1)
FNF:2
FNH:2
FNDA:26,(anonymous_0)
FNDA:2,(anonymous_1)
DA:5,5
DA:6,26
DA:25,2
DA:31,5
LF:4
LH:4
BRDA:14,0,0,1
BRDA:14,0,1,25
BRDA:19,1,0,25
BRDA:19,1,1,1
BRDA:24,2,0,1
BRDA:24,2,1,25
BRF:6
BRH:6
end_of_record
TN:
SF:/home/otavio/Documents/reactnd-project-myreads-starter/src/components/book/BookMenu.js
FN:4,(anonymous_0)
FN:6,(anonymous_1)
FNF:2
FNH:2
FNDA:26,(anonymous_0)
FNDA:1,(anonymous_1)
DA:4,6
DA:5,26
DA:7,1
DA:8,1
DA:19,6
LF:5
LH:5
BRF:0
BRH:0
end_of_record
TN:
SF:/home/otavio/Documents/reactnd-project-myreads-starter/src/components/book/BookShelf.js
FN:4,(anonymous_0)
FNF:1
FNH:1
FNDA:43,(anonymous_0)
DA:4,3
DA:5,43
DA:15,3
LF:3
LH:3
BRF:0
BRH:0
end_of_record
